{"level":"info","message":"Server is running on port 3000","timestamp":"2024-12-20T19:48:47.919Z"}
{"level":"info","message":"Server is running on port 3000","timestamp":"2024-12-20T19:51:51.460Z"}
{"level":"error","message":"Invalid token error: INVALID_TOKEN","stack":"Error: INVALID_TOKEN\n    at websocketAuthMiddleware (E:\\intellect\\i_backend\\middleware\\websocketAuthMiddleware.js:15:17)\n    at WebSocketServer.<anonymous> (E:\\intellect\\i_backend\\server.js:40:3)\n    at WebSocketServer.emit (node:events:518:28)\n    at E:\\intellect\\i_backend\\server.js:34:9\n    at WebSocketServer.completeUpgrade (E:\\intellect\\i_backend\\node_modules\\ws\\lib\\websocket-server.js:436:5)\n    at WebSocketServer.handleUpgrade (E:\\intellect\\i_backend\\node_modules\\ws\\lib\\websocket-server.js:344:10)\n    at Server.<anonymous> (E:\\intellect\\i_backend\\server.js:32:7)\n    at Server.emit (node:events:518:28)\n    at onParserExecuteCommon (node:_http_server:936:14)\n    at onParserExecute (node:_http_server:837:3)","timestamp":"2024-12-20T19:51:59.407Z"}
{"level":"info","message":"Server is running on port 3000","timestamp":"2024-12-20T20:16:27.385Z"}
{"level":"info","message":"Server is running on port 3000","timestamp":"2024-12-20T20:16:32.545Z"}
{"level":"info","message":"Server is running on port 3000","timestamp":"2024-12-20T20:17:18.370Z"}
{"level":"info","message":"Server is running on port 3000","timestamp":"2024-12-20T20:19:34.275Z"}
{"level":"info","message":"Server is running on port 3000","timestamp":"2024-12-20T20:19:39.720Z"}
{"level":"info","message":"Server is running on port 3000","timestamp":"2024-12-20T20:20:07.003Z"}
{"level":"info","message":"Server is running on port 3000","timestamp":"2024-12-20T20:20:16.296Z"}
{"level":"info","message":"Server is running on port 3000","timestamp":"2024-12-20T20:22:37.843Z"}
{"level":"info","message":"Server is running on port 3000","timestamp":"2024-12-20T20:23:10.043Z"}
{"level":"info","message":"Server is running on port 3000","timestamp":"2024-12-20T20:23:21.964Z"}
{"level":"error","message":"Invalid token error: INVALID_TOKEN","stack":"Error: INVALID_TOKEN\n    at websocketAuthMiddleware (E:\\intellect\\i_backend\\middleware\\websocketAuthMiddleware.js:15:17)\n    at WebSocketServer.<anonymous> (E:\\intellect\\i_backend\\server.js:40:3)\n    at WebSocketServer.emit (node:events:518:28)\n    at E:\\intellect\\i_backend\\server.js:34:9\n    at WebSocketServer.completeUpgrade (E:\\intellect\\i_backend\\node_modules\\ws\\lib\\websocket-server.js:436:5)\n    at WebSocketServer.handleUpgrade (E:\\intellect\\i_backend\\node_modules\\ws\\lib\\websocket-server.js:344:10)\n    at Server.<anonymous> (E:\\intellect\\i_backend\\server.js:32:7)\n    at Server.emit (node:events:518:28)\n    at onParserExecuteCommon (node:_http_server:936:14)\n    at onParserExecute (node:_http_server:837:3)","timestamp":"2024-12-20T20:24:31.897Z"}
{"level":"error","message":"Invalid token error: INVALID_TOKEN","stack":"Error: INVALID_TOKEN\n    at websocketAuthMiddleware (E:\\intellect\\i_backend\\middleware\\websocketAuthMiddleware.js:15:17)\n    at WebSocketServer.<anonymous> (E:\\intellect\\i_backend\\server.js:40:3)\n    at WebSocketServer.emit (node:events:518:28)\n    at E:\\intellect\\i_backend\\server.js:34:9\n    at WebSocketServer.completeUpgrade (E:\\intellect\\i_backend\\node_modules\\ws\\lib\\websocket-server.js:436:5)\n    at WebSocketServer.handleUpgrade (E:\\intellect\\i_backend\\node_modules\\ws\\lib\\websocket-server.js:344:10)\n    at Server.<anonymous> (E:\\intellect\\i_backend\\server.js:32:7)\n    at Server.emit (node:events:518:28)\n    at onParserExecuteCommon (node:_http_server:936:14)\n    at onParserExecute (node:_http_server:837:3)","timestamp":"2024-12-20T20:25:47.860Z"}
{"level":"error","message":"Invalid token error: INVALID_TOKEN","stack":"Error: INVALID_TOKEN\n    at websocketAuthMiddleware (E:\\intellect\\i_backend\\middleware\\websocketAuthMiddleware.js:15:17)\n    at WebSocketServer.<anonymous> (E:\\intellect\\i_backend\\server.js:40:3)\n    at WebSocketServer.emit (node:events:518:28)\n    at E:\\intellect\\i_backend\\server.js:34:9\n    at WebSocketServer.completeUpgrade (E:\\intellect\\i_backend\\node_modules\\ws\\lib\\websocket-server.js:436:5)\n    at WebSocketServer.handleUpgrade (E:\\intellect\\i_backend\\node_modules\\ws\\lib\\websocket-server.js:344:10)\n    at Server.<anonymous> (E:\\intellect\\i_backend\\server.js:32:7)\n    at Server.emit (node:events:518:28)\n    at onParserExecuteCommon (node:_http_server:936:14)\n    at onParserExecute (node:_http_server:837:3)","timestamp":"2024-12-20T20:25:57.981Z"}
{"level":"error","message":"Invalid token error: INVALID_TOKEN","stack":"Error: INVALID_TOKEN\n    at websocketAuthMiddleware (E:\\intellect\\i_backend\\middleware\\websocketAuthMiddleware.js:15:17)\n    at WebSocketServer.<anonymous> (E:\\intellect\\i_backend\\server.js:40:3)\n    at WebSocketServer.emit (node:events:518:28)\n    at E:\\intellect\\i_backend\\server.js:34:9\n    at WebSocketServer.completeUpgrade (E:\\intellect\\i_backend\\node_modules\\ws\\lib\\websocket-server.js:436:5)\n    at WebSocketServer.handleUpgrade (E:\\intellect\\i_backend\\node_modules\\ws\\lib\\websocket-server.js:344:10)\n    at Server.<anonymous> (E:\\intellect\\i_backend\\server.js:32:7)\n    at Server.emit (node:events:518:28)\n    at onParserExecuteCommon (node:_http_server:936:14)\n    at onParserExecute (node:_http_server:837:3)","timestamp":"2024-12-20T20:26:30.306Z"}
{"level":"error","message":"Invalid token error: INVALID_TOKEN","stack":"Error: INVALID_TOKEN\n    at websocketAuthMiddleware (E:\\intellect\\i_backend\\middleware\\websocketAuthMiddleware.js:15:17)\n    at WebSocketServer.<anonymous> (E:\\intellect\\i_backend\\server.js:40:3)\n    at WebSocketServer.emit (node:events:518:28)\n    at E:\\intellect\\i_backend\\server.js:34:9\n    at WebSocketServer.completeUpgrade (E:\\intellect\\i_backend\\node_modules\\ws\\lib\\websocket-server.js:436:5)\n    at WebSocketServer.handleUpgrade (E:\\intellect\\i_backend\\node_modules\\ws\\lib\\websocket-server.js:344:10)\n    at Server.<anonymous> (E:\\intellect\\i_backend\\server.js:32:7)\n    at Server.emit (node:events:518:28)\n    at onParserExecuteCommon (node:_http_server:936:14)\n    at onParserExecute (node:_http_server:837:3)","timestamp":"2024-12-20T20:28:22.699Z"}
{"level":"error","message":"Invalid token error: INVALID_TOKEN","stack":"Error: INVALID_TOKEN\n    at websocketAuthMiddleware (E:\\intellect\\i_backend\\middleware\\websocketAuthMiddleware.js:15:17)\n    at WebSocketServer.<anonymous> (E:\\intellect\\i_backend\\server.js:40:3)\n    at WebSocketServer.emit (node:events:518:28)\n    at E:\\intellect\\i_backend\\server.js:34:9\n    at WebSocketServer.completeUpgrade (E:\\intellect\\i_backend\\node_modules\\ws\\lib\\websocket-server.js:436:5)\n    at WebSocketServer.handleUpgrade (E:\\intellect\\i_backend\\node_modules\\ws\\lib\\websocket-server.js:344:10)\n    at Server.<anonymous> (E:\\intellect\\i_backend\\server.js:32:7)\n    at Server.emit (node:events:518:28)\n    at onParserExecuteCommon (node:_http_server:936:14)\n    at onParserExecute (node:_http_server:837:3)","timestamp":"2024-12-20T20:29:08.569Z"}
{"level":"error","message":"Invalid token error: INVALID_TOKEN","stack":"Error: INVALID_TOKEN\n    at websocketAuthMiddleware (E:\\intellect\\i_backend\\middleware\\websocketAuthMiddleware.js:15:17)\n    at WebSocketServer.<anonymous> (E:\\intellect\\i_backend\\server.js:40:3)\n    at WebSocketServer.emit (node:events:518:28)\n    at E:\\intellect\\i_backend\\server.js:34:9\n    at WebSocketServer.completeUpgrade (E:\\intellect\\i_backend\\node_modules\\ws\\lib\\websocket-server.js:436:5)\n    at WebSocketServer.handleUpgrade (E:\\intellect\\i_backend\\node_modules\\ws\\lib\\websocket-server.js:344:10)\n    at Server.<anonymous> (E:\\intellect\\i_backend\\server.js:32:7)\n    at Server.emit (node:events:518:28)\n    at onParserExecuteCommon (node:_http_server:936:14)\n    at onParserExecute (node:_http_server:837:3)","timestamp":"2024-12-20T20:31:17.722Z"}
{"level":"info","message":"Server is running on port 3000","timestamp":"2024-12-20T20:32:56.828Z"}
{"level":"info","message":"Server is running on port 3000","timestamp":"2024-12-20T20:33:43.932Z"}
{"level":"info","message":"Server is running on port 3000","timestamp":"2024-12-20T20:34:25.954Z"}
{"level":"error","message":"Invalid token error: INVALID_TOKEN","stack":"Error: INVALID_TOKEN\n    at websocketAuthMiddleware (E:\\intellect\\i_backend\\middleware\\websocketAuthMiddleware.js:15:17)\n    at WebSocketServer.<anonymous> (E:\\intellect\\i_backend\\server.js:40:3)\n    at WebSocketServer.emit (node:events:518:28)\n    at E:\\intellect\\i_backend\\server.js:34:9\n    at WebSocketServer.completeUpgrade (E:\\intellect\\i_backend\\node_modules\\ws\\lib\\websocket-server.js:436:5)\n    at WebSocketServer.handleUpgrade (E:\\intellect\\i_backend\\node_modules\\ws\\lib\\websocket-server.js:344:10)\n    at Server.<anonymous> (E:\\intellect\\i_backend\\server.js:32:7)\n    at Server.emit (node:events:518:28)\n    at onParserExecuteCommon (node:_http_server:936:14)\n    at onParserExecute (node:_http_server:837:3)","timestamp":"2024-12-20T20:34:54.862Z"}
{"level":"info","message":"Server is running on port 3000","timestamp":"2024-12-20T20:35:30.501Z"}
{"level":"error","message":"Invalid token error: INVALID_TOKEN","stack":"Error: INVALID_TOKEN\n    at websocketAuthMiddleware (E:\\intellect\\i_backend\\middleware\\websocketAuthMiddleware.js:15:17)\n    at WebSocketServer.<anonymous> (E:\\intellect\\i_backend\\server.js:40:3)\n    at WebSocketServer.emit (node:events:518:28)\n    at E:\\intellect\\i_backend\\server.js:34:9\n    at WebSocketServer.completeUpgrade (E:\\intellect\\i_backend\\node_modules\\ws\\lib\\websocket-server.js:436:5)\n    at WebSocketServer.handleUpgrade (E:\\intellect\\i_backend\\node_modules\\ws\\lib\\websocket-server.js:344:10)\n    at Server.<anonymous> (E:\\intellect\\i_backend\\server.js:32:7)\n    at Server.emit (node:events:518:28)\n    at onParserExecuteCommon (node:_http_server:936:14)\n    at onParserExecute (node:_http_server:837:3)","timestamp":"2024-12-20T20:35:34.097Z"}
{"level":"info","message":"Server is running on port 3000","timestamp":"2024-12-20T20:35:45.229Z"}
{"level":"error","message":"Invalid token error: INVALID_TOKEN","stack":"Error: INVALID_TOKEN\n    at websocketAuthMiddleware (E:\\intellect\\i_backend\\middleware\\websocketAuthMiddleware.js:15:17)\n    at WebSocketServer.<anonymous> (E:\\intellect\\i_backend\\server.js:40:3)\n    at WebSocketServer.emit (node:events:518:28)\n    at E:\\intellect\\i_backend\\server.js:34:9\n    at WebSocketServer.completeUpgrade (E:\\intellect\\i_backend\\node_modules\\ws\\lib\\websocket-server.js:436:5)\n    at WebSocketServer.handleUpgrade (E:\\intellect\\i_backend\\node_modules\\ws\\lib\\websocket-server.js:344:10)\n    at Server.<anonymous> (E:\\intellect\\i_backend\\server.js:32:7)\n    at Server.emit (node:events:518:28)\n    at onParserExecuteCommon (node:_http_server:936:14)\n    at onParserExecute (node:_http_server:837:3)","timestamp":"2024-12-20T20:35:48.893Z"}
{"level":"info","message":"Server is running on port 3000","timestamp":"2024-12-20T20:36:43.936Z"}
{"level":"info","message":"Server is running on port 3000","timestamp":"2024-12-20T20:37:03.855Z"}
{"level":"info","message":"Server is running on port 3000","timestamp":"2024-12-20T20:38:00.343Z"}
{"level":"info","message":"Server is running on port 3000","timestamp":"2024-12-20T20:39:39.699Z"}
{"level":"info","message":"Server is running on port 3000","timestamp":"2024-12-20T22:58:25.834Z"}
{"level":"info","message":"Server is running on port 3000","timestamp":"2024-12-20T23:04:11.240Z"}
{"level":"info","message":"Server is running on port 3000","timestamp":"2024-12-20T23:08:17.925Z"}
{"level":"info","message":"Server is running on port 3000","timestamp":"2024-12-20T23:08:49.466Z"}
{"level":"info","message":"Server is running on port 3000","timestamp":"2024-12-20T23:16:58.237Z"}
{"level":"info","message":"Server is running on port 3000","timestamp":"2024-12-20T23:20:02.403Z"}
{"level":"info","message":"Server is running on port 3000","timestamp":"2024-12-20T23:20:35.860Z"}
{"level":"info","message":"Server is running on port 3000","timestamp":"2024-12-20T23:44:23.116Z"}
{"level":"info","message":"Server is running on port 3000","timestamp":"2024-12-21T00:12:19.527Z"}
{"level":"info","message":"Server is running on port 3000","timestamp":"2024-12-21T00:17:47.679Z"}
{"level":"info","message":"Server is running on port 3000","timestamp":"2024-12-21T01:22:02.317Z"}
{"level":"info","message":"Server is running on port 3000","timestamp":"2024-12-21T01:22:55.461Z"}
{"level":"info","message":"Server is running on port 3000","timestamp":"2024-12-21T01:23:21.947Z"}
{"level":"info","message":"Server is running on port 3000","timestamp":"2024-12-21T01:23:33.896Z"}
{"level":"info","message":"Server is running on port 3000","timestamp":"2024-12-21T01:29:57.629Z"}
{"level":"info","message":"Server is running on port 3000","timestamp":"2024-12-21T01:30:50.721Z"}
{"level":"info","message":"WebSocket connection added for user testuser123","timestamp":"2024-12-21T01:35:43.438Z"}
{"level":"info","message":"Server is running on port 3000","timestamp":"2024-12-21T01:38:02.851Z"}
{"level":"info","message":"WebSocket connection added for user testuser123","timestamp":"2024-12-21T01:38:06.924Z"}
{"level":"info","message":"Server is running on port 3000","timestamp":"2024-12-21T01:39:40.874Z"}
{"level":"info","message":"Server is running on port 3000","timestamp":"2024-12-21T01:41:33.775Z"}
{"level":"info","message":"Server is running on port 3000","timestamp":"2024-12-21T01:41:44.722Z"}
{"level":"info","message":"Server is running on port 3000","timestamp":"2024-12-21T01:41:56.750Z"}
{"level":"info","message":"Server is running on port 3000","timestamp":"2024-12-21T01:42:33.569Z"}
{"level":"info","message":"Server is running on port 3000","timestamp":"2024-12-21T01:42:49.394Z"}
{"level":"info","message":"Server is running on port 3000","timestamp":"2024-12-21T01:45:05.667Z"}
{"level":"info","message":"Server is running on port 3000","timestamp":"2024-12-21T01:45:16.314Z"}
{"level":"info","message":"WebSocket connection added for user testuser123","timestamp":"2024-12-21T01:45:18.966Z"}
{"_message":"Chat validation failed","errors":{"message":{"kind":"string","message":"Cast to string failed for value \"{ message: 'hello' }\" (type Object) at path \"message\"","name":"CastError","path":"message","reason":null,"stringValue":"\"{ message: 'hello' }\"","value":{"message":"hello"},"valueType":"Object"},"messageType":{"kind":"enum","message":"`TEXT` is not a valid enum value for path `messageType`.","name":"ValidatorError","path":"messageType","properties":{"enumValues":["text"],"message":"`TEXT` is not a valid enum value for path `messageType`.","path":"messageType","type":"enum","value":"TEXT"},"value":"TEXT"}},"level":"error","message":"Error storing message: Chat validation failed: message: Cast to string failed for value \"{ message: 'hello' }\" (type Object) at path \"message\", messageType: `TEXT` is not a valid enum value for path `messageType`.","stack":"ValidationError: Chat validation failed: message: Cast to string failed for value \"{ message: 'hello' }\" (type Object) at path \"message\", messageType: `TEXT` is not a valid enum value for path `messageType`.\n    at Document.invalidate (E:\\intellect\\i_backend\\node_modules\\mongoose\\lib\\document.js:3331:32)\n    at model.$set (E:\\intellect\\i_backend\\node_modules\\mongoose\\lib\\document.js:1482:12)\n    at model.$set (E:\\intellect\\i_backend\\node_modules\\mongoose\\lib\\document.js:1136:16)\n    at model.Document (E:\\intellect\\i_backend\\node_modules\\mongoose\\lib\\document.js:177:12)\n    at model.Model (E:\\intellect\\i_backend\\node_modules\\mongoose\\lib\\model.js:128:12)\n    at new model (E:\\intellect\\i_backend\\node_modules\\mongoose\\lib\\model.js:4639:15)\n    at Object.storeMessage (E:\\intellect\\i_backend\\services\\messageService.js:11:26)\n    at Object.handleMessage (E:\\intellect\\i_backend\\services\\websocketService.js:53:26)\n    at WebSocket.<anonymous> (E:\\intellect\\i_backend\\services\\websocketService.js:33:32)\n    at WebSocket.emit (node:events:518:28)","timestamp":"2024-12-21T01:58:39.725Z"}
{"_message":"Chat validation failed","errors":{"message":{"kind":"string","message":"Cast to string failed for value \"{ message: 'hello' }\" (type Object) at path \"message\"","name":"CastError","path":"message","reason":null,"stringValue":"\"{ message: 'hello' }\"","value":{"message":"hello"},"valueType":"Object"}},"level":"error","message":"Error storing message: Chat validation failed: message: Cast to string failed for value \"{ message: 'hello' }\" (type Object) at path \"message\"","stack":"ValidationError: Chat validation failed: message: Cast to string failed for value \"{ message: 'hello' }\" (type Object) at path \"message\"\n    at Document.invalidate (E:\\intellect\\i_backend\\node_modules\\mongoose\\lib\\document.js:3331:32)\n    at model.$set (E:\\intellect\\i_backend\\node_modules\\mongoose\\lib\\document.js:1482:12)\n    at model.$set (E:\\intellect\\i_backend\\node_modules\\mongoose\\lib\\document.js:1136:16)\n    at model.Document (E:\\intellect\\i_backend\\node_modules\\mongoose\\lib\\document.js:177:12)\n    at model.Model (E:\\intellect\\i_backend\\node_modules\\mongoose\\lib\\model.js:128:12)\n    at new model (E:\\intellect\\i_backend\\node_modules\\mongoose\\lib\\model.js:4639:15)\n    at Object.storeMessage (E:\\intellect\\i_backend\\services\\messageService.js:11:26)\n    at Object.handleMessage (E:\\intellect\\i_backend\\services\\websocketService.js:53:26)\n    at WebSocket.<anonymous> (E:\\intellect\\i_backend\\services\\websocketService.js:33:32)\n    at WebSocket.emit (node:events:518:28)","timestamp":"2024-12-21T01:58:58.211Z"}
{"level":"info","message":"Server is running on port 3000","timestamp":"2024-12-21T02:01:41.516Z"}
{"level":"info","message":"WebSocket connection added for user testuser123","timestamp":"2024-12-21T02:02:38.747Z"}
{"level":"info","message":"Server is running on port 3000","timestamp":"2024-12-21T02:03:07.984Z"}
{"level":"info","message":"WebSocket connection added for user testuser123","timestamp":"2024-12-21T02:03:17.538Z"}
{"level":"info","message":"Server is running on port 3000","timestamp":"2024-12-21T02:04:06.476Z"}
{"level":"info","message":"WebSocket connection added for user testuser123","timestamp":"2024-12-21T02:04:14.151Z"}
{"level":"info","message":"Server is running on port 3000","timestamp":"2024-12-21T02:06:11.418Z"}
{"level":"info","message":"WebSocket connection added for user testuser123","timestamp":"2024-12-21T02:06:14.075Z"}
{"level":"info","message":"Server is running on port 3000","timestamp":"2024-12-21T02:10:38.481Z"}
{"level":"info","message":"Server is running on port 3000","timestamp":"2024-12-21T02:10:59.448Z"}
{"level":"info","message":"WebSocket connection added for user testuser123","timestamp":"2024-12-21T02:11:15.189Z"}
{"level":"info","message":"Server is running on port 3000","timestamp":"2024-12-21T02:13:47.244Z"}
{"level":"info","message":"Server is running on port 3000","timestamp":"2024-12-21T02:13:54.573Z"}
{"level":"info","message":"WebSocket connection added for user testuser123","timestamp":"2024-12-21T02:13:59.181Z"}
{"level":"info","message":"Server is running on port 3000","timestamp":"2024-12-21T02:25:33.231Z"}
{"level":"info","message":"Server is running on port 3000","timestamp":"2024-12-21T02:26:01.385Z"}
{"level":"info","message":"Server is running on port 3000","timestamp":"2024-12-21T02:26:29.986Z"}
{"level":"info","message":"Server is running on port 3000","timestamp":"2024-12-21T02:26:52.960Z"}
{"level":"info","message":"Server is running on port 3000","timestamp":"2024-12-21T02:30:13.030Z"}
